<?xml version="1.0" encoding="UTF-8"?>
<!-- Generated by org.testng.reporters.JUnitReportReporter -->
<testsuite skipped="0" hostname="Ruzaina" name="com.izaanschool.picniceventregistrationform.numberOfAdultSelectionTest" tests="1" failures="0" timestamp="17 Jul 2023 08:34:18 GMT" time="7.480" errors="0">
  <testcase name="numberOfAdultSelection" time="7.480" classname="com.izaanschool.picniceventregistrationform.numberOfAdultSelectionTest"/>
</testsuite> <!-- com.izaanschool.picniceventregistrationform.numberOfAdultSelectionTest -->
