<?xml version="1.0" encoding="UTF-8"?>
<!-- Generated by org.testng.reporters.JUnitReportReporter -->
<testsuite skipped="0" hostname="Ruzaina" name="com.izaanschool.picniceventregistrationform.ValidRegistrationTest" tests="1" failures="0" timestamp="17 Jul 2023 08:34:18 GMT" time="8.190" errors="0">
  <testcase name="validCredentialTest" time="8.190" classname="com.izaanschool.picniceventregistrationform.ValidRegistrationTest"/>
</testsuite> <!-- com.izaanschool.picniceventregistrationform.ValidRegistrationTest -->
