<?xml version="1.0" encoding="UTF-8"?>
<!-- Generated by org.testng.reporters.JUnitReportReporter -->
<testsuite skipped="0" hostname="Ruzaina" name="com.izaanschool.picniceventregistrationform.InvalidRegistrationTests" tests="1" failures="0" timestamp="17 Jul 2023 08:34:18 GMT" time="11.418" errors="0">
  <testcase name="invalidCredentialTest" time="11.418" classname="com.izaanschool.picniceventregistrationform.InvalidRegistrationTests"/>
</testsuite> <!-- com.izaanschool.picniceventregistrationform.InvalidRegistrationTests -->
